[91m/vegas/users/staff/womo1998/git/repository/classes/PLSCF.py:docstring of PLSCF.PLSCF.CrossSpectrum:86: WARNING: Explicit markup ends without a blank line; unexpected unindent.[39;49;00m
[31m/vegas/users/staff/womo1998/git/repository/classes/PLSCF.py:docstring of PLSCF.PLSCF.CrossSpectrum:75: WARNING: Unknown target name: "2".[39;49;00m
[31m/vegas/users/staff/womo1998/git/repository/classes/PLSCF.py:docstring of PLSCF.PLSCF.FFT_Average:59: WARNING: Unknown target name: "2".[39;49;00m
[31m/vegas/users/staff/womo1998/git/repository/classes/PlotMSH.py:docstring of PlotMSH.ModeShapeGUI:10: WARNING: Unexpected indentation.[39;49;00m
[91m/vegas/users/staff/womo1998/git/repository/classes/PlotMSH.py:docstring of PlotMSH.ModeShapeGUI:11: WARNING: Block quote ends without a blank line; unexpected unindent.[39;49;00m
[31m/vegas/users/staff/womo1998/git/repository/classes/PlotMSH.py:docstring of PlotMSH.ModeShapeGUI:24: WARNING: Unexpected indentation.[39;49;00m
[91m/vegas/users/staff/womo1998/git/repository/classes/PlotMSH.py:docstring of PlotMSH.ModeShapeGUI:25: WARNING: Block quote ends without a blank line; unexpected unindent.[39;49;00m
[31m/vegas/users/staff/womo1998/git/repository/classes/PlotMSH.py:docstring of PlotMSH.ModeShapeGUI:32: WARNING: Unexpected indentation.[39;49;00m
[91m/vegas/users/staff/womo1998/git/repository/classes/PlotMSH.py:docstring of PlotMSH.ModeShapeGUI:29: WARNING: Inline emphasis start-string without end-string.[39;49;00m
[91m/vegas/users/staff/womo1998/git/repository/classes/PlotMSH.py:docstring of PlotMSH.ModeShapeGUI:37: WARNING: Block quote ends without a blank line; unexpected unindent.[39;49;00m
[31m/vegas/users/staff/womo1998/git/repository/classes/PlotMSH.py:docstring of PlotMSH.ModeShapeGUI:41: WARNING: Unexpected indentation.[39;49;00m
[91m/vegas/users/staff/womo1998/git/repository/classes/PlotMSH.py:docstring of PlotMSH.ModeShapeGUI:42: WARNING: Block quote ends without a blank line; unexpected unindent.[39;49;00m
[91m/vegas/users/staff/womo1998/git/repository/classes/PlotMSH.py:docstring of PlotMSH.ModeShapeGUI.save_plot:1: WARNING: Inline emphasis start-string without end-string.[39;49;00m
[31m/vegas/users/staff/womo1998/git/repository/classes/PlotMSH.py:docstring of PlotMSH.ModeShapePlot:10: WARNING: Unexpected indentation.[39;49;00m
[91m/vegas/users/staff/womo1998/git/repository/classes/PlotMSH.py:docstring of PlotMSH.ModeShapePlot:11: WARNING: Block quote ends without a blank line; unexpected unindent.[39;49;00m
[31m/vegas/users/staff/womo1998/git/repository/classes/PlotMSH.py:docstring of PlotMSH.ModeShapePlot:21: WARNING: Unexpected indentation.[39;49;00m
[91m/vegas/users/staff/womo1998/git/repository/classes/PlotMSH.py:docstring of PlotMSH.ModeShapePlot:22: WARNING: Block quote ends without a blank line; unexpected unindent.[39;49;00m
[91m/vegas/users/staff/womo1998/git/repository/classes/PlotMSH.py:docstring of PlotMSH.ModeShapePlot:29: WARNING: Block quote ends without a blank line; unexpected unindent.[39;49;00m
[31m/vegas/users/staff/womo1998/git/repository/classes/PlotMSH.py:docstring of PlotMSH.ModeShapePlot:35: WARNING: Unexpected indentation.[39;49;00m
[91m/vegas/users/staff/womo1998/git/repository/classes/PlotMSH.py:docstring of PlotMSH.ModeShapePlot:36: WARNING: Block quote ends without a blank line; unexpected unindent.[39;49;00m
[91m/vegas/users/staff/womo1998/git/repository/classes/PlotMSH.py:docstring of PlotMSH.ModeShapePlot:42: WARNING: Definition list ends without a blank line; unexpected unindent.[39;49;00m
[31m/vegas/users/staff/womo1998/git/repository/classes/PlotMSH.py:docstring of PlotMSH.ModeShapePlot.add_master_slave:4: WARNING: Unexpected indentation.[39;49;00m
[91m/vegas/users/staff/womo1998/git/repository/classes/PlotMSH.py:docstring of PlotMSH.ModeShapePlot.add_master_slave:6: WARNING: Block quote ends without a blank line; unexpected unindent.[39;49;00m
[31m/vegas/users/staff/womo1998/git/repository/classes/PlotMSH.py:docstring of PlotMSH.ModeShapePlot.draw_lines:3: WARNING: Unexpected indentation.[39;49;00m
[91m/vegas/users/staff/womo1998/git/repository/classes/PlotMSH.py:docstring of PlotMSH.ModeShapePlot.save_plot:1: WARNING: Inline emphasis start-string without end-string.[39;49;00m
[31m/vegas/users/staff/womo1998/git/repository/classes/PreprocessingTools.py:docstring of PreprocessingTools:8: WARNING: Unexpected indentation.[39;49;00m
[91m/vegas/users/staff/womo1998/git/repository/classes/PreprocessingTools.py:docstring of PreprocessingTools:9: WARNING: Block quote ends without a blank line; unexpected unindent.[39;49;00m
[91m/vegas/users/staff/womo1998/git/repository/classes/PreprocessingTools.py:docstring of PreprocessingTools.PreprocessData.load_chan_dofs:3: WARNING: Definition list ends without a blank line; unexpected unindent.[39;49;00m
[91m/vegas/users/staff/womo1998/git/repository/classes/SSICovRef.py:docstring of SSICovRef.BRSSICovRef.build_toeplitz_cov:2: WARNING: Inline substitution_reference start-string without end-string.[39;49;00m
[91m/vegas/users/staff/womo1998/git/repository/classes/SSICovRef.py:docstring of SSICovRef.BRSSICovRef.build_toeplitz_cov:3: WARNING: Inline substitution_reference start-string without end-string.[39;49;00m
[91m/vegas/users/staff/womo1998/git/repository/classes/SSICovRef.py:docstring of SSICovRef.BRSSICovRef.build_toeplitz_cov:4: WARNING: Inline substitution_reference start-string without end-string.[39;49;00m
[91m/vegas/users/staff/womo1998/git/repository/classes/SSICovRef.py:docstring of SSICovRef.BRSSICovRef.build_toeplitz_cov:5: WARNING: Inline substitution_reference start-string without end-string.[39;49;00m
[91m/vegas/users/staff/womo1998/git/repository/classes/SSICovRef.py:docstring of SSICovRef.BRSSICovRef.build_toeplitz_cov:6: WARNING: Inline substitution_reference start-string without end-string.[39;49;00m
[31m/vegas/users/staff/womo1998/git/repository/classes/SSICovRef.py:docstring of SSICovRef.ModalBase:4: WARNING: Unexpected indentation.[39;49;00m
[91m/vegas/users/staff/womo1998/git/repository/classes/SSICovRef.py:docstring of SSICovRef.ModalBase:5: WARNING: Block quote ends without a blank line; unexpected unindent.[39;49;00m
[91m/vegas/users/staff/womo1998/git/repository/classes/SSICovRef.py:docstring of SSICovRef.ModalBase.remove_conjugates:2: WARNING: Block quote ends without a blank line; unexpected unindent.[39;49;00m
[31m/vegas/users/staff/womo1998/git/repository/classes/SSICovRef.py:docstring of SSICovRef.PogerSSICovRef:24: WARNING: Unexpected indentation.[39;49;00m
[91m/vegas/users/staff/womo1998/git/repository/classes/SSICovRef.py:docstring of SSICovRef.PogerSSICovRef:25: WARNING: Block quote ends without a blank line; unexpected unindent.[39;49;00m
[31m/vegas/users/staff/womo1998/git/repository/classes/SSICovRef.py:docstring of SSICovRef.PogerSSICovRef:31: WARNING: Unexpected indentation.[39;49;00m
[91m/vegas/users/staff/womo1998/git/repository/classes/SSICovRef.py:docstring of SSICovRef.PogerSSICovRef:35: WARNING: Block quote ends without a blank line; unexpected unindent.[39;49;00m
[31m/vegas/users/staff/womo1998/git/repository/classes/SSICovRef.py:docstring of SSICovRef.PogerSSICovRef:43: WARNING: Unexpected indentation.[39;49;00m
[91m/vegas/users/staff/womo1998/git/repository/classes/SSICovRef.py:docstring of SSICovRef.PogerSSICovRef:45: WARNING: Block quote ends without a blank line; unexpected unindent.[39;49;00m
[91m/vegas/users/staff/womo1998/git/repository/classes/SSICovRef.py:docstring of SSICovRef.PogerSSICovRef.build_merged_subspace_matrix:3: WARNING: Inline substitution_reference start-string without end-string.[39;49;00m
[91m/vegas/users/staff/womo1998/git/repository/classes/SSICovRef.py:docstring of SSICovRef.PogerSSICovRef.build_merged_subspace_matrix:4: WARNING: Inline substitution_reference start-string without end-string.[39;49;00m
[91m/vegas/users/staff/womo1998/git/repository/classes/SSICovRef.py:docstring of SSICovRef.PogerSSICovRef.build_merged_subspace_matrix:5: WARNING: Inline substitution_reference start-string without end-string.[39;49;00m
[91m/vegas/users/staff/womo1998/git/repository/classes/SSICovRef.py:docstring of SSICovRef.PogerSSICovRef.build_merged_subspace_matrix:6: WARNING: Inline substitution_reference start-string without end-string.[39;49;00m
[91m/vegas/users/staff/womo1998/git/repository/classes/SSICovRef.py:docstring of SSICovRef.PogerSSICovRef.rescale_by_references:7: WARNING: Definition list ends without a blank line; unexpected unindent.[39;49;00m
[31m/vegas/users/staff/womo1998/git/repository/classes/SSICovRef.py:docstring of SSICovRef.ModalBase.remove_conjugates:4: WARNING: Undefined substitution referenced: "lambda".[39;49;00m
[31m/vegas/users/staff/womo1998/git/repository/classes/SSICovRef.py:docstring of SSICovRef.ModalBase.remove_conjugates:4: WARNING: Undefined substitution referenced: "lambda_i".[39;49;00m
[31m/vegas/users/staff/womo1998/git/repository/classes/SSICovRef.py:docstring of SSICovRef.PogerSSICovRef.rescale_by_references:15: WARNING: Undefined substitution referenced: "phi^{ref}_i".[39;49;00m
[31m/vegas/users/staff/womo1998/git/repository/classes/SSICovRef.py:docstring of SSICovRef.PogerSSICovRef.rescale_by_references:13: WARNING: Unknown target name: "s".[39;49;00m
[31m/vegas/users/staff/womo1998/git/repository/classes/SSICovRef.py:docstring of SSICovRef.PogerSSICovRef.rescale_by_references:34: WARNING: Unknown target name: "s".[39;49;00m
[31m/vegas/users/staff/womo1998/git/repository/classes/SSICovRef.py:docstring of SSICovRef.PogerSSICovRef.rescale_by_references:42: WARNING: Unknown target name: "s".[39;49;00m
[91m/vegas/users/staff/womo1998/git/repository/classes/SSIData.py:docstring of SSIData.SSIData.build_block_hankel:2: WARNING: Inline substitution_reference start-string without end-string.[39;49;00m
[91m/vegas/users/staff/womo1998/git/repository/classes/SSIData.py:docstring of SSIData.SSIData.build_block_hankel:3: WARNING: Inline substitution_reference start-string without end-string.[39;49;00m
[91m/vegas/users/staff/womo1998/git/repository/classes/SSIData.py:docstring of SSIData.SSIData.build_block_hankel:4: WARNING: Inline substitution_reference start-string without end-string.[39;49;00m
[91m/vegas/users/staff/womo1998/git/repository/classes/SSIData.py:docstring of SSIData.SSIData.build_block_hankel:5: WARNING: Inline substitution_reference start-string without end-string.[39;49;00m
[91m/vegas/users/staff/womo1998/git/repository/classes/SSIData.py:docstring of SSIData.SSIData.build_block_hankel:6: WARNING: Inline substitution_reference start-string without end-string.[39;49;00m
[91m/vegas/users/staff/womo1998/git/repository/classes/SSIData.py:docstring of SSIData.SSIDataMC.build_block_hankel:2: WARNING: Inline substitution_reference start-string without end-string.[39;49;00m
[91m/vegas/users/staff/womo1998/git/repository/classes/SSIData.py:docstring of SSIData.SSIDataMC.build_block_hankel:3: WARNING: Inline substitution_reference start-string without end-string.[39;49;00m
[91m/vegas/users/staff/womo1998/git/repository/classes/SSIData.py:docstring of SSIData.SSIDataMC.build_block_hankel:4: WARNING: Inline substitution_reference start-string without end-string.[39;49;00m
[91m/vegas/users/staff/womo1998/git/repository/classes/SSIData.py:docstring of SSIData.SSIDataMC.build_block_hankel:5: WARNING: Inline substitution_reference start-string without end-string.[39;49;00m
[91m/vegas/users/staff/womo1998/git/repository/classes/SSIData.py:docstring of SSIData.SSIDataMC.build_block_hankel:6: WARNING: Inline substitution_reference start-string without end-string.[39;49;00m
[31m/vegas/users/staff/womo1998/git/repository/classes/StabilDiagram.py:docstring of StabilDiagram.StabilCalc.calculateMAC:4: WARNING: Unexpected indentation.[39;49;00m
[31mdocstring of StabilDiagram.StabilCluster.use_stabil:4: WARNING: Unexpected indentation.[39;49;00m
[91mdocstring of StabilDiagram.StabilCluster.use_stabil:5: WARNING: Title underline too short.

the automatic distance is based on the 'df', 'dd' and 'MAC' values from the centroids obtained in the first stage
---------------------------------------------[39;49;00m
docstring of StabilDiagram.StabilCluster.use_stabil:5: WARNING: Unexpected section title.

the automatic distance is based on the 'df', 'dd' and 'MAC' values from the centroids obtained in the first stage
---------------------------------------------
[91mdocstring of StabilDiagram.StabilCluster.use_stabil:7: WARNING: Line block ends without a blank line.[39;49;00m
docstring of StabilDiagram.StabilCluster.use_stabil:7: WARNING: Unexpected section title or transition.

---------------------------------------------
[91mdocstring of StabilDiagram.StabilCluster.use_stabil:8: WARNING: Block quote ends without a blank line; unexpected unindent.[39;49;00m
[31mdocstring of StabilDiagram.StabilCluster.use_stabil:18: WARNING: Unexpected indentation.[39;49;00m
[91mdocstring of StabilDiagram.StabilCluster.use_stabil:19: WARNING: Block quote ends without a blank line; unexpected unindent.[39;49;00m
[31mdocstring of StabilDiagram.StabilCluster.use_stabil:30: WARNING: Unexpected indentation.[39;49;00m
[91mdocstring of StabilDiagram.StabilCluster.use_stabil:31: WARNING: Block quote ends without a blank line; unexpected unindent.[39;49;00m
[31mdocstring of StabilDiagram.StabilCluster.use_stabil:38: WARNING: Unexpected indentation.[39;49;00m
[91mdocstring of StabilDiagram.StabilCluster.use_stabil:39: WARNING: Block quote ends without a blank line; unexpected unindent.[39;49;00m
[91m/vegas/users/staff/womo1998/git/repository/classes/StabilDiagram.py:docstring of StabilDiagram.StabilGUI.create_histo_plot:9: WARNING: Definition list ends without a blank line; unexpected unindent.[39;49;00m
[91m/vegas/users/staff/womo1998/git/repository/classes/VarSSIRef.py:docstring of VarSSIRef.vectorize:2: WARNING: Block quote ends without a blank line; unexpected unindent.[39;49;00m
[91m/vegas/users/staff/womo1998/git/repository/doc/classes/oma.rst:4: WARNING: toctree contains reference to nonexisting document 'classes/decomp_qr_VZ'[39;49;00m
[91m/vegas/users/staff/womo1998/git/repository/doc/classes/postprocessing.rst:2: WARNING: Title underline too short.

Post-processing
=======[39;49;00m
[91m/vegas/users/staff/womo1998/git/repository/doc/classes/preprocessing.rst:2: WARNING: Title underline too short.

Pre-processing
=======[39;49;00m
